Wed Oct 19 14:03:36 MSK 2022
	VASYA >> Сделали запись в txt файл
Wed Oct 19 14:03:36 MSK 2022
	PETYA >> Прочитали из файла данные
Fri Oct 21 11:48:05 MSK 2022
	СЕРВЕР >> Записали в файл настроек порт и хост
Fri Oct 21 12:02:18 MSK 2022
Medved Server: Записали в файл настроек порт и хостFri Oct 21 12:04:28 MSK 2022>>Medved Server:
	Записали в файл настроек порт и хостFri Oct 21 12:17:24 MSK 2022 + Medved Server:
	Собрали настройки
Fri Oct 21 12:18:42 MSK 2022
	Medved Server: Собрали настройки
Fri Oct 21 12:18:56 MSK 2022
	MEDVED SERVER: Собрали настройки
Fri Oct 21 12:23:50 MSK 2022
	MEDVED SERVER: Собрали настройки
Сервер запущен и ждет клиентов!Fri Oct 21 12:29:10 MSK 2022
	MEDVED_SERVER: Собрали настройки
Fri Oct 21 12:31:03 MSK 2022
	MEDVED_SERVER: Сервер запущен и ждет клиентов!
Fri Oct 21 12:31:03 MSK 2022
	MEDVED_SERVER: Собрали настройки
Fri Oct 21 12:33:46 MSK 2022
	MEDVED_SERVER: Собрали настройки
Fri Oct 21 12:33:46 MSK 2022
	MEDVED_SERVER: Собрали settings.txt
Fri Oct 21 12:36:24 MSK 2022
	MEDVED_SERVER: Собрали settings.txt
Fri Oct 21 12:36:24 MSK 2022
	MEDVED_SERVER: Сервер ждет клиентов
Fri Oct 21 12:38:46 MSK 2022
	MEDVED_SERVER: Собрали settings.txt
Fri Oct 21 12:38:46 MSK 2022
	MEDVED_SERVER: Сервер ждет клиентов
Fri Oct 21 12:50:32 MSK 2022
	MEDVED_SERVER: Собрали settings.txt
Fri Oct 21 12:50:32 MSK 2022
	MEDVED_SERVER: Сервер запущен и ждет клиентов
Fri Oct 21 13:05:16 MSK 2022
	MEDVED_SERVER: Собрали settings.txt
Fri Oct 21 13:05:16 MSK 2022
	MEDVED_SERVER: Сервер запущен и ждет клиентов
Sat Oct 22 16:16:48 MSK 2022
	SERVER: Собрали settings.txt
Sat Oct 22 16:16:48 MSK 2022
	SERVER: Сервер запущен и ждет клиентов!
Sat Oct 22 20:06:41 MSK 2022
	SERVER: Собрали settings.txt
Sat Oct 22 20:06:41 MSK 2022
	SERVER: Сервер запущен и ждет клиентов!
Sat Oct 22 21:20:22 MSK 2022
	SERVER: Собрали settings.txt
Sat Oct 22 21:20:22 MSK 2022
	SERVER: Сервер запущен и ждет клиентов!
Sat Oct 22 21:30:46 MSK 2022
	SERVER: Собрали settings.txt
Sat Oct 22 21:30:46 MSK 2022
	SERVER: Сервер запущен и ждет клиентов!
Sat Oct 22 21:43:13 MSK 2022
	SERVER: Собрали settings.txt
Sat Oct 22 21:43:13 MSK 2022
	SERVER: Сервер запущен и ждет клиентов!
Sat Oct 22 21:44:23 MSK 2022
	SERVER: Собрали settings.txt
Sat Oct 22 21:44:23 MSK 2022
	SERVER: Сервер запущен и ждет клиентов!
Sat Oct 22 21:50:55 MSK 2022
	SERVER: Собрали settings.txt
Sat Oct 22 21:50:55 MSK 2022
	SERVER: Сервер запущен и ждет клиентов!
Sat Oct 22 21:55:50 MSK 2022
	SERVER: Собрали settings.txt
Sat Oct 22 21:55:50 MSK 2022
	SERVER: Сервер запущен и ждет клиентов!
Sat Oct 22 22:00:13 MSK 2022
	SERVER: Собрали settings.txt
Sat Oct 22 22:00:13 MSK 2022
	SERVER: Сервер запущен и ждет клиентов!
Sat Oct 22 22:06:58 MSK 2022
	SERVER: Собрали settings.txt
Sat Oct 22 22:06:58 MSK 2022
	SERVER: Сервер запущен и ждет клиентов!
Sat Oct 22 22:14:48 MSK 2022
	SERVER: Собрали settings.txt
Sat Oct 22 22:14:48 MSK 2022
	SERVER: Сервер запущен и ждет клиентов!
Sat Oct 22 22:17:36 MSK 2022
	SERVER: Собрали settings.txt
Sat Oct 22 22:17:36 MSK 2022
	SERVER: Сервер запущен и ждет клиентов!
Sat Oct 22 22:19:04 MSK 2022
	SERVER: Собрали settings.txt
Sat Oct 22 22:19:04 MSK 2022
	SERVER: Сервер запущен и ждет клиентов!
Sat Oct 22 22:20:18 MSK 2022
	SERVER: Собрали settings.txt
Sat Oct 22 22:20:18 MSK 2022
	SERVER: Сервер запущен и ждет клиентов!
Sat Oct 22 22:22:15 MSK 2022
	SERVER: Собрали settings.txt
Sat Oct 22 22:22:15 MSK 2022
	SERVER: Сервер запущен и ждет клиентов!
Sat Oct 22 22:26:24 MSK 2022
	SERVER: Собрали settings.txt
Sat Oct 22 22:26:24 MSK 2022
	SERVER: Сервер запущен и ждет клиентов!
Sat Oct 22 22:29:06 MSK 2022
	SERVER: Собрали settings.txt
Sat Oct 22 22:29:06 MSK 2022
	SERVER: Сервер запущен и ждет клиентов!
Sat Oct 22 22:29:37 MSK 2022
	SERVER: Собрали settings.txt
Sat Oct 22 22:29:37 MSK 2022
	SERVER: Сервер запущен и ждет клиентов!
Sun Oct 23 09:09:02 MSK 2022
	SERVER: Собрали settings.txt
Sun Oct 23 09:09:02 MSK 2022
	SERVER: Сервер запущен и ждет клиентов!
Sun Oct 23 09:11:30 MSK 2022
	SERVER: Собрали settings.txt
Sun Oct 23 09:11:30 MSK 2022
	SERVER: Сервер запущен и ждет клиентов!
Sun Oct 23 09:13:46 MSK 2022
	SERVER: Собрали settings.txt
Sun Oct 23 09:13:46 MSK 2022
	SERVER: Сервер запущен и ждет клиентов!
Sun Oct 23 09:41:36 MSK 2022
	SERVER: Собрали settings.txt
Sun Oct 23 09:41:36 MSK 2022
	SERVER: Сервер запущен и ждет клиентов!
Sun Oct 23 09:43:24 MSK 2022
	SERVER: Собрали settings.txt
Sun Oct 23 09:43:24 MSK 2022
	SERVER: Сервер запущен и ждет клиентов!
Sun Oct 23 09:44:17 MSK 2022
	SERVER: Собрали settings.txt
Sun Oct 23 09:44:17 MSK 2022
	SERVER: Сервер запущен и ждет клиентов!
Sun Oct 23 09:48:03 MSK 2022
	SERVER: Собрали settings.txt
Sun Oct 23 09:48:03 MSK 2022
	SERVER: Сервер запущен и ждет клиентов!
Sun Oct 23 09:50:54 MSK 2022
	SERVER: Собрали settings.txt
Sun Oct 23 09:50:54 MSK 2022
	SERVER: Сервер запущен и ждет клиентов!
Sun Oct 23 09:54:22 MSK 2022
	SERVER: Собрали settings.txt
Sun Oct 23 09:54:22 MSK 2022
	SERVER: Сервер запущен и ждет клиентов!
Sun Oct 23 10:42:34 MSK 2022
	SERVER: Собрали settings.txt
Sun Oct 23 10:42:34 MSK 2022
	SERVER: Сервер запущен и ждет клиентов!
Sun Oct 23 10:42:45 MSK 2022
	SERVER: К нам присоединился Denis
Sun Oct 23 10:42:45 MSK 2022
	SERVER: Привет, Denis
Sun Oct 23 10:44:04 MSK 2022	SERVER: Собрали settings.txtSun Oct 23 10:44:04 MSK 2022	SERVER: Сервер запущен и ждет клиентов!Sun Oct 23 10:44:17 MSK 2022	SERVER: К нам присоединился DenisSun Oct 23 10:44:17 MSK 2022	SERVER: Привет, DenisMon Oct 24 11:27:01 MSK 2022	SERVER: Собрали settings.txtMon Oct 24 11:27:01 MSK 2022	SERVER: Сервер запущен и ждет клиентов!Mon Oct 24 11:27:21 MSK 2022	SERVER: К нам присоединился DenisMon Oct 24 11:27:21 MSK 2022	SERVER: Привет, DenisMon Oct 24 11:28:56 MSK 2022	SERVER: Собрали settings.txtMon Oct 24 11:28:56 MSK 2022	SERVER: Сервер запущен и ждет клиентов!Mon Oct 24 11:29:04 MSK 2022	SERVER: К нам присоединился ВудуMon Oct 24 11:29:04 MSK 2022	SERVER: Привет, ВудуMon Oct 24 11:29:54 MSK 2022	SERVER: Собрали settings.txtMon Oct 24 11:29:54 MSK 2022	SERVER: Сервер запущен и ждет клиентов!Mon Oct 24 11:30:23 MSK 2022	SERVER: К нам присоединился DenisMon Oct 24 11:30:23 MSK 2022	SERVER: Привет, DenisMon Oct 24 11:30:28 MSK 2022	SERVER: К нам присоединился BujhmMon Oct 24 11:30:28 MSK 2022	SERVER: Привет, BujhmMon Oct 24 13:12:03 MSK 2022	SERVER: Собрали settings.txtMon Oct 24 13:12:03 MSK 2022	SERVER: Сервер запущен и ждет клиентов!Mon Oct 24 13:12:16 MSK 2022	SERVER: К нам присоединился DenisMon Oct 24 13:12:16 MSK 2022	SERVER: Привет, DenisMon Oct 24 13:12:24 MSK 2022	SERVER: К нам присоединился PetyaMon Oct 24 13:12:24 MSK 2022	SERVER: Привет, PetyaMon Oct 24 13:13:22 MSK 2022	SERVER: Denisуходит от насMon Oct 24 13:13:36 MSK 2022	SERVER: Petyaуходит от насMon Oct 24 13:50:43 MSK 2022 _ :Собрали settings.txt
Mon Oct 24 13:50:43 MSK 2022 _ :Сервер запущен!
Mon Oct 24 13:50:58 MSK 2022 _ :Новый участник Denis!
Mon Oct 24 13:51:03 MSK 2022 _ :Новый участник Vasya!
Mon Oct 24 13:51:15 MSK 2022 _ :Denis, hello!
Mon Oct 24 13:51:23 MSK 2022 _ :How are you?
Mon Oct 24 13:51:41 MSK 2022 _ :Fine, my friend
Mon Oct 24 13:51:49 MSK 2022 _ :How do you do?
Mon Oct 24 13:51:56 MSK 2022 _ :Perfect
Mon Oct 24 13:52:00 MSK 2022 _ :I must go
Mon Oct 24 13:52:04 MSK 2022 _ :/exit
Mon Oct 24 13:52:25 MSK 2022 _ :/exit
Mon Oct 24 13:53:22 MSK 2022 _ :Собрали settings.txt
Mon Oct 24 13:53:22 MSK 2022 _ :Сервер запущен!
Mon Oct 24 13:53:31 MSK 2022 _ :Новый участник Denis!
Mon Oct 24 13:53:41 MSK 2022 _ :Новый участник Petya!
Mon Oct 24 13:53:54 MSK 2022 _ :Hello Petya
Mon Oct 24 13:54:03 MSK 2022 _ :Hello denis
Mon Oct 24 13:54:10 MSK 2022 _ :How are you?
Mon Oct 24 13:54:16 MSK 2022 _ :Fine
Mon Oct 24 13:54:19 MSK 2022 _ :/exit
Mon Oct 24 13:57:55 MSK 2022_Server: Собрали settings.txt
Mon Oct 24 13:57:55 MSK 2022_Server: Сервер запущен!
Mon Oct 24 13:58:02 MSK 2022_Server: Новый участник Denis!
Mon Oct 24 13:58:09 MSK 2022_Server: Новый участник Vasya!
Mon Oct 24 13:58:18 MSK 2022_Vasya: Hello to all!
Mon Oct 24 13:58:28 MSK 2022_Vasya: I am new in this chat
Mon Oct 24 13:58:39 MSK 2022_Denis: Hello
Mon Oct 24 13:58:44 MSK 2022_Denis: How are you
Mon Oct 24 13:58:51 MSK 2022_Vasya: Fine
Mon Oct 24 13:58:54 MSK 2022_Server: Vasya ушел
Mon Oct 24 13:59:11 MSK 2022_Denis: 
Mon Oct 24 13:59:11 MSK 2022_Server: Denis ушел
Mon Oct 24 15:52:48 MSK 2022_Server: Собрали settings.txt
Mon Oct 24 15:52:48 MSK 2022_Server: Сервер запущен!
Mon Oct 24 15:52:55 MSK 2022_Server: Новый участник Denis!
Mon Oct 24 15:53:02 MSK 2022_Server: Новый участник Anton!
Mon Oct 24 15:53:08 MSK 2022_Anton: Привет всем
Mon Oct 24 15:53:12 MSK 2022_Anton: Как дела?
Mon Oct 24 15:53:22 MSK 2022_Denis: Антон привет
Mon Oct 24 15:53:27 MSK 2022_Denis: Все гуд, как ты?
Mon Oct 24 15:53:39 MSK 2022_Anton: Все хорошо
Mon Oct 24 15:53:41 MSK 2022_Anton: Мне пора
Mon Oct 24 15:53:44 MSK 2022_Server: Anton ушел
Mon Oct 24 15:56:08 MSK 2022_Server: Собрали settings.txt
Mon Oct 24 15:56:08 MSK 2022_Server: Сервер запущен!
Mon Oct 24 15:56:15 MSK 2022_Server: Новый участник Denis!
Mon Oct 24 15:56:17 MSK 2022_Server: Denis ушел
Mon Oct 24 15:56:35 MSK 2022_Server: Новый участник Igor!
Mon Oct 24 15:56:38 MSK 2022_Igor: fghfdkgh
Mon Oct 24 15:56:41 MSK 2022_Server: Igor ушел
Mon Oct 24 16:43:31 MSK 2022_Server: Собрали settings.txt
Mon Oct 24 16:43:31 MSK 2022_Server: Сервер запущен!
Mon Oct 24 16:43:44 MSK 2022_Server: Новый участник Игорь!
Mon Oct 24 16:43:52 MSK 2022_Server: Новый участник Алекс!
Mon Oct 24 16:44:02 MSK 2022_Игорь: Алекс, привет
Mon Oct 24 16:44:05 MSK 2022_Игорь: Как дела?
Mon Oct 24 16:44:15 MSK 2022_Алекс: Привет Игорь, все гуд
Mon Oct 24 16:44:18 MSK 2022_Алекс: Как ты?
Mon Oct 24 16:44:23 MSK 2022_Алекс: Что ты тут делаешь?
Mon Oct 24 16:44:32 MSK 2022_Игорь: Все отлично
Mon Oct 24 16:44:42 MSK 2022_Игорь: Просто общаюсь
Mon Oct 24 16:44:45 MSK 2022_Server: Игорь ушел
Mon Oct 24 16:44:53 MSK 2022_Server: Алекс ушел
